<?xml version="1.0" encoding="UTF-8"?>
<testng-results skipped="0" failed="0" ignored="0" total="1" passed="1">
  <reporter-output>
  </reporter-output>
  <suite name="Default suite" duration-ms="9310" started-at="2018-02-24T19:50:24Z" finished-at="2018-02-24T19:50:33Z">
    <groups>
    </groups>
    <test name="Default test" duration-ms="9310" started-at="2018-02-24T19:50:24Z" finished-at="2018-02-24T19:50:33Z">
      <class name="testPackage.NewTest">
        <test-method status="PASS" signature="beforeTest()[pri:0, instance:testPackage.NewTest@3bfdc050]" name="beforeTest" is-config="true" duration-ms="6583" started-at="2018-02-24T19:50:24Z" finished-at="2018-02-24T19:50:31Z">
          <reporter-output>
          </reporter-output>
        </test-method> <!-- beforeTest -->
        <test-method status="PASS" signature="mavenTest()[pri:0, instance:testPackage.NewTest@3bfdc050]" name="mavenTest" duration-ms="1881" started-at="2018-02-24T19:50:31Z" finished-at="2018-02-24T19:50:33Z">
          <reporter-output>
          </reporter-output>
        </test-method> <!-- mavenTest -->
        <test-method status="PASS" signature="afterTest()[pri:0, instance:testPackage.NewTest@3bfdc050]" name="afterTest" is-config="true" duration-ms="783" started-at="2018-02-24T19:50:33Z" finished-at="2018-02-24T19:50:33Z">
          <reporter-output>
          </reporter-output>
        </test-method> <!-- afterTest -->
      </class> <!-- testPackage.NewTest -->
    </test> <!-- Default test -->
  </suite> <!-- Default suite -->
</testng-results>
